{
  "stats": {
    "suites": 1,
    "tests": 2,
    "passes": 1,
    "pending": 0,
    "failures": 1,
    "start": "2020-12-27T16:43:12.426Z",
    "end": "2020-12-27T16:46:49.319Z",
    "duration": 216893,
    "testsRegistered": 2,
    "passPercent": 50,
    "pendingPercent": 0,
    "other": 0,
    "hasOther": false,
    "skipped": 0,
    "hasSkipped": false
  },
  "results": [
    {
      "uuid": "504c3de9-f069-49c4-8270-dfb5abab8875",
      "title": "",
      "fullFile": "cypress\\integration\\test.feature",
      "file": "cypress\\integration\\test.feature",
      "beforeHooks": [],
      "afterHooks": [],
      "tests": [],
      "suites": [
        {
          "uuid": "851a5dd3-7955-4083-8085-5f47bb05fdd0",
          "title": "Realizar Cadastro",
          "fullFile": "",
          "file": "",
          "beforeHooks": [],
          "afterHooks": [],
          "tests": [
            {
              "title": "Preencher todos os campos em branco",
              "fullTitle": "Realizar Cadastro Preencher todos os campos em branco",
              "timedOut": null,
              "duration": 128496,
              "state": "passed",
              "speed": "slow",
              "pass": true,
              "fail": false,
              "pending": false,
              "context": null,
              "code": "const state = window.testState;\nreturn cy\n  .then(() => state.onStartScenario(scenario, indexedSteps))\n  .then(() =>\n    resolveAndRunBeforeHooks.call(this, scenario.tags, state.feature.name)\n  )\n  .then(() =>\n    indexedSteps.forEach((step) =>\n      stepTest.call(this, state, step, rowData)\n    )\n  )\n  .then(() =>\n    resolveAndRunAfterHooks.call(this, scenario.tags, state.feature.name)\n  )\n  .then(() => state.onFinishScenario(scenario));",
              "err": {},
              "uuid": "cb1297e9-1907-4ccb-a0fa-4ca5a6b8b696",
              "parentUUID": "851a5dd3-7955-4083-8085-5f47bb05fdd0",
              "isHook": false,
              "skipped": false
            },
            {
              "title": "Preencher o Campo date of birth incorretamente",
              "fullTitle": "Realizar Cadastro Preencher o Campo date of birth incorretamente",
              "timedOut": null,
              "duration": 87863,
              "state": "failed",
              "speed": null,
              "pass": false,
              "fail": true,
              "pending": false,
              "context": null,
              "code": "const state = window.testState;\nreturn cy\n  .then(() => state.onStartScenario(scenario, indexedSteps))\n  .then(() =>\n    resolveAndRunBeforeHooks.call(this, scenario.tags, state.feature.name)\n  )\n  .then(() =>\n    indexedSteps.forEach((step) =>\n      stepTest.call(this, state, step, rowData)\n    )\n  )\n  .then(() =>\n    resolveAndRunAfterHooks.call(this, scenario.tags, state.feature.name)\n  )\n  .then(() => state.onFinishScenario(scenario));",
              "err": {
                "message": "CypressError: Timed out retrying: `cy.select()` failed because it could not find a single `<option>` with value or text matching: `32`\n\nhttps://on.cypress.io/select",
                "estack": "CypressError: Timed out retrying: `cy.select()` failed because it could not find a single `<option>` with value or text matching: `32`\n\nhttps://on.cypress.io/select\n    at getOptions (http://demo.automationtesting.in/__cypress/runner/cypress_runner.js:153160:21)\n    at tryCatcher (http://demo.automationtesting.in/__cypress/runner/cypress_runner.js:10584:23)\n    at Function.Promise.attempt.Promise.try (http://demo.automationtesting.in/__cypress/runner/cypress_runner.js:7858:29)\n    at retryOptions (http://demo.automationtesting.in/__cypress/runner/cypress_runner.js:153198:27)\n    at tryCatcher (http://demo.automationtesting.in/__cypress/runner/cypress_runner.js:10584:23)\n    at Function.Promise.attempt.Promise.try (http://demo.automationtesting.in/__cypress/runner/cypress_runner.js:7858:29)\n    at tryFn (http://demo.automationtesting.in/__cypress/runner/cypress_runner.js:165607:21)\n    at whenStable (http://demo.automationtesting.in/__cypress/runner/cypress_runner.js:165645:12)\n    at http://demo.automationtesting.in/__cypress/runner/cypress_runner.js:165140:16\n    at tryCatcher (http://demo.automationtesting.in/__cypress/runner/cypress_runner.js:10584:23)\n    at Promise._settlePromiseFromHandler (http://demo.automationtesting.in/__cypress/runner/cypress_runner.js:8519:31)\n    at Promise._settlePromise (http://demo.automationtesting.in/__cypress/runner/cypress_runner.js:8576:18)\n    at Promise._settlePromise0 (http://demo.automationtesting.in/__cypress/runner/cypress_runner.js:8621:10)\n    at Promise._settlePromises (http://demo.automationtesting.in/__cypress/runner/cypress_runner.js:8701:18)\n    at Promise._fulfill (http://demo.automationtesting.in/__cypress/runner/cypress_runner.js:8645:18)\n    at http://demo.automationtesting.in/__cypress/runner/cypress_runner.js:10259:46\nFrom Your Spec Code:\n    at TestPage.SelecionarDateOfBirthday (http://demo.automationtesting.in/__cypress/tests?p=cypress\\integration\\test.feature:417:45)\n    at Context.eval (http://demo.automationtesting.in/__cypress/tests?p=cypress\\integration\\test.feature:502:11)\n    at Context.resolveAndRunStepDefinition (http://demo.automationtesting.in/__cypress/tests?p=cypress\\integration\\test.feature:12253:9)\n    at Context.eval (http://demo.automationtesting.in/__cypress/tests?p=cypress\\integration\\test.feature:11594:35)\nFrom Your Spec Code:\n    at TestPage.SelecionarDateOfBirthday (http://demo.automationtesting.in/__cypress/tests?p=cypress\\integration\\test.feature:417:45)\n    at Context.eval (http://demo.automationtesting.in/__cypress/tests?p=cypress\\integration\\test.feature:502:11)\n    at Context.resolveAndRunStepDefinition (http://demo.automationtesting.in/__cypress/tests?p=cypress\\integration\\test.feature:12253:9)\n    at Context.eval (http://demo.automationtesting.in/__cypress/tests?p=cypress\\integration\\test.feature:11594:35)",
                "diff": null
              },
              "uuid": "e79dbc2d-92a9-4b49-8736-f38ea8030c16",
              "parentUUID": "851a5dd3-7955-4083-8085-5f47bb05fdd0",
              "isHook": false,
              "skipped": false
            }
          ],
          "suites": [],
          "passes": [
            "cb1297e9-1907-4ccb-a0fa-4ca5a6b8b696"
          ],
          "failures": [
            "e79dbc2d-92a9-4b49-8736-f38ea8030c16"
          ],
          "pending": [],
          "skipped": [],
          "duration": 216359,
          "root": false,
          "rootEmpty": false,
          "_timeout": 2000
        }
      ],
      "passes": [],
      "failures": [],
      "pending": [],
      "skipped": [],
      "duration": 0,
      "root": true,
      "rootEmpty": true,
      "_timeout": 2000
    }
  ],
  "meta": {
    "mocha": {
      "version": "7.0.1"
    },
    "mochawesome": {
      "options": {
        "quiet": false,
        "reportFilename": "mochawesome",
        "saveHtml": true,
        "saveJson": true,
        "consoleReporter": "spec",
        "useInlineDiffs": false,
        "code": true
      },
      "version": "6.2.1"
    },
    "marge": {
      "options": {
        "overwrite": false
      },
      "version": "5.1.0"
    }
  }
}